listen port 9999
listen port 9999
listen port 9900
15:20:30
client error
listen port 9900
17:32:33
18:2:34
18:32:34
19:2:34
19:32:34
20:2:34
listen port 9900
20:32:34
21:2:35
21:32:35
22:2:35
22:32:36
23:2:35
23:32:35
0:2:35
0:32:35
1:2:35
1:32:35
2:2:35
2:32:35
3:2:35
3:32:35
4:2:35
4:32:35
5:2:35
5:32:35
6:2:35
6:32:35
7:2:35
7:32:35
8:2:35
8:32:35
9:2:35
9:32:35
10:2:36
10:32:36
11:2:36
11:32:36
12:2:36
12:32:37
13:2:36
13:32:36
14:2:36
14:32:36
15:2:36
15:32:36
16:2:36
16:32:36
17:2:36
17:32:37
18:2:37
18:32:36
19:2:36
19:32:37
20:2:37
20:32:36
21:2:36
21:32:37
22:2:36
22:32:37
23:2:37
23:32:36
0:2:36
0:32:36
1:2:36
1:32:36
2:2:36
2:32:36
3:2:36
3:32:36
4:2:36
4:32:36
5:2:37
5:32:37
6:2:37
6:32:37
7:2:37
7:32:37
8:2:37
8:32:37
9:2:37
9:32:37
10:2:38
10:32:38
11:2:37
11:32:37
12:2:37
12:32:37
13:2:40
13:32:37
14:2:37
14:32:37
15:2:37
15:32:37
16:2:38
listen port 9900
1-1
2
16:49:38
17:19:39
17:49:38
18:19:38
